<?xml version="1.0" encoding="UTF-8"?>
<testsuite xmlns:xsi="http://www.w3.org/2001/XMLSchema-instance" xsi:noNamespaceSchemaLocation="https://maven.apache.org/surefire/maven-surefire-plugin/xsd/surefire-test-report-3.0.xsd" version="3.0" name="com.bid.fo.AppFoApplicationTests" time="7.115" tests="1" errors="0" skipped="0" failures="0">
  <properties>
[...]
</properties>
  <testcase name="contextLoads" classname="com.bid.fo.AppFoApplicationTests" time="1.153">
    <system-out><![CDATA[15:59:20.116 [main] INFO org.springframework.test.context.support.AnnotationConfigContextLoaderUtils -- Could not detect default configuration classes for test class [com.bid.fo.AppFoApplicationTests]: AppFoApplicationTests does not declare any static, non-private, non-final, nested classes annotated with @Configuration.
15:59:20.268 [main] INFO org.springframework.boot.test.context.SpringBootTestContextBootstrapper -- Found @SpringBootConfiguration com.bid.fo.AppFoApplication for test class com.bid.fo.AppFoApplicationTests
15:59:20.517 [main] INFO org.springframework.boot.devtools.restart.RestartApplicationListener -- Restart disabled due to context in which it is running

  .   ____          _            __ _ _
 /\\ / ___'_ __ _ _(_)_ __  __ _ \ \ \ \
( ( )\___ | '_ | '_| | '_ \/ _` | \ \ \ \
 \\/  ___)| |_)| | | | | || (_| |  ) ) ) )
  '  |____| .__|_| |_|_| |_\__, | / / / /
 =========|_|==============|___/=/_/_/_/
 :: Spring Boot ::                (v3.2.1)

[2024-01-10 15:59:20:1035] &amp#27;[32m[background-preinit]&amp#27;[0;39m &amp#27;[34mINFO &amp#27;[0;39m &amp#27;[1;37m[org.hibernate.validator.internal.util.Version.<clinit>:&amp#27;[33m21&amp#27;[0;39m]&amp#27;[0;39m - HV000001: Hibernate Validator 8.0.1.Final
[2024-01-10 15:59:20:1061] &amp#27;[32m[main]&amp#27;[0;39m &amp#27;[34mINFO &amp#27;[0;39m &amp#27;[1;37m[org.springframework.boot.StartupInfoLogger.logStarting:&amp#27;[33m50&amp#27;[0;39m]&amp#27;[0;39m - Starting AppFoApplicationTests using Java 17.0.9 with PID 10036 (started by 성대용 in C:\workspace2\app_fo)
[2024-01-10 15:59:20:1063] &amp#27;[32m[main]&amp#27;[0;39m &amp#27;[34mINFO &amp#27;[0;39m &amp#27;[1;37m[org.springframework.boot.SpringApplication.logStartupProfileInfo:&amp#27;[33m662&amp#27;[0;39m]&amp#27;[0;39m - No active profile set, falling back to 1 default profile: "default"
[2024-01-10 15:59:22:2107] &amp#27;[32m[main]&amp#27;[0;39m &amp#27;[34mINFO &amp#27;[0;39m &amp#27;[1;37m[org.springframework.data.repository.config.RepositoryConfigurationDelegate.multipleStoresDetected:&amp#27;[33m292&amp#27;[0;39m]&amp#27;[0;39m - Multiple Spring Data modules found, entering strict repository configuration mode
[2024-01-10 15:59:22:2110] &amp#27;[32m[main]&amp#27;[0;39m &amp#27;[34mINFO &amp#27;[0;39m &amp#27;[1;37m[org.springframework.data.repository.config.RepositoryConfigurationDelegate.registerRepositoriesIn:&amp#27;[33m139&amp#27;[0;39m]&amp#27;[0;39m - Bootstrapping Spring Data JDBC repositories in DEFAULT mode.
[2024-01-10 15:59:22:2137] &amp#27;[32m[main]&amp#27;[0;39m &amp#27;[34mINFO &amp#27;[0;39m &amp#27;[1;37m[org.springframework.data.repository.config.RepositoryConfigurationDelegate.registerRepositoriesIn:&amp#27;[33m208&amp#27;[0;39m]&amp#27;[0;39m - Finished Spring Data repository scanning in 19 ms. Found 0 JDBC repository interfaces.
[2024-01-10 15:59:22:2162] &amp#27;[32m[main]&amp#27;[0;39m &amp#27;[34mINFO &amp#27;[0;39m &amp#27;[1;37m[org.springframework.data.repository.config.RepositoryConfigurationDelegate.multipleStoresDetected:&amp#27;[33m292&amp#27;[0;39m]&amp#27;[0;39m - Multiple Spring Data modules found, entering strict repository configuration mode
[2024-01-10 15:59:22:2166] &amp#27;[32m[main]&amp#27;[0;39m &amp#27;[34mINFO &amp#27;[0;39m &amp#27;[1;37m[org.springframework.data.repository.config.RepositoryConfigurationDelegate.registerRepositoriesIn:&amp#27;[33m139&amp#27;[0;39m]&amp#27;[0;39m - Bootstrapping Spring Data Redis repositories in DEFAULT mode.
[2024-01-10 15:59:22:2183] &amp#27;[32m[main]&amp#27;[0;39m &amp#27;[34mINFO &amp#27;[0;39m &amp#27;[1;37m[org.springframework.data.repository.config.RepositoryConfigurationDelegate.registerRepositoriesIn:&amp#27;[33m208&amp#27;[0;39m]&amp#27;[0;39m - Finished Spring Data repository scanning in 3 ms. Found 0 Redis repository interfaces.
[2024-01-10 15:59:22:2613] &amp#27;[32m[main]&amp#27;[0;39m &amp#27;[31mWARN &amp#27;[0;39m &amp#27;[1;37m[org.springframework.context.support.PostProcessorRegistrationDelegate$BeanPostProcessorChecker.postProcessAfterInitialization:&amp#27;[33m429&amp#27;[0;39m]&amp#27;[0;39m - Bean 'org.springframework.ws.config.annotation.DelegatingWsConfiguration' of type [org.springframework.ws.config.annotation.DelegatingWsConfiguration$$SpringCGLIB$$0] is not eligible for getting processed by all BeanPostProcessors (for example: not eligible for auto-proxying). The currently created BeanPostProcessor [annotationActionEndpointMapping] is declared through a non-static factory method on that class; consider declaring it as static instead.
[2024-01-10 15:59:22:2644] &amp#27;[32m[main]&amp#27;[0;39m &amp#27;[34mINFO &amp#27;[0;39m &amp#27;[1;37m[org.springframework.ws.soap.addressing.server.AbstractAddressingEndpointMapping.afterPropertiesSet:&amp#27;[33m239&amp#27;[0;39m]&amp#27;[0;39m - Supporting [WS-Addressing August 2004, WS-Addressing 1.0]
[2024-01-10 15:59:22:2806] &amp#27;[32m[main]&amp#27;[0;39m &amp#27;[31mWARN &amp#27;[0;39m &amp#27;[1;37m[org.springframework.context.support.PostProcessorRegistrationDelegate$BeanPostProcessorChecker.postProcessAfterInitialization:&amp#27;[33m437&amp#27;[0;39m]&amp#27;[0;39m - Bean 'org.springframework.boot.autoconfigure.jdbc.DataSourceConfiguration$Hikari' of type [org.springframework.boot.autoconfigure.jdbc.DataSourceConfiguration$Hikari] is not eligible for getting processed by all BeanPostProcessors (for example: not eligible for auto-proxying). Is this bean getting eagerly injected into a currently created BeanPostProcessor [jobRegistryBeanPostProcessor]? Check the corresponding BeanPostProcessor declaration and its dependencies.
[2024-01-10 15:59:22:2831] &amp#27;[32m[main]&amp#27;[0;39m &amp#27;[31mWARN &amp#27;[0;39m &amp#27;[1;37m[org.springframework.context.support.PostProcessorRegistrationDelegate$BeanPostProcessorChecker.postProcessAfterInitialization:&amp#27;[33m437&amp#27;[0;39m]&amp#27;[0;39m - Bean 'spring.datasource-org.springframework.boot.autoconfigure.jdbc.DataSourceProperties' of type [org.springframework.boot.autoconfigure.jdbc.DataSourceProperties] is not eligible for getting processed by all BeanPostProcessors (for example: not eligible for auto-proxying). Is this bean getting eagerly injected into a currently created BeanPostProcessor [jobRegistryBeanPostProcessor]? Check the corresponding BeanPostProcessor declaration and its dependencies.
[2024-01-10 15:59:22:2834] &amp#27;[32m[main]&amp#27;[0;39m &amp#27;[31mWARN &amp#27;[0;39m &amp#27;[1;37m[org.springframework.context.support.PostProcessorRegistrationDelegate$BeanPostProcessorChecker.postProcessAfterInitialization:&amp#27;[33m437&amp#27;[0;39m]&amp#27;[0;39m - Bean 'org.springframework.boot.autoconfigure.jdbc.DataSourceAutoConfiguration$PooledDataSourceConfiguration' of type [org.springframework.boot.autoconfigure.jdbc.DataSourceAutoConfiguration$PooledDataSourceConfiguration] is not eligible for getting processed by all BeanPostProcessors (for example: not eligible for auto-proxying). Is this bean getting eagerly injected into a currently created BeanPostProcessor [jobRegistryBeanPostProcessor]? Check the corresponding BeanPostProcessor declaration and its dependencies.
[2024-01-10 15:59:22:2835] &amp#27;[32m[main]&amp#27;[0;39m &amp#27;[31mWARN &amp#27;[0;39m &amp#27;[1;37m[org.springframework.context.support.PostProcessorRegistrationDelegate$BeanPostProcessorChecker.postProcessAfterInitialization:&amp#27;[33m437&amp#27;[0;39m]&amp#27;[0;39m - Bean 'jdbcConnectionDetails' of type [org.springframework.boot.autoconfigure.jdbc.PropertiesJdbcConnectionDetails] is not eligible for getting processed by all BeanPostProcessors (for example: not eligible for auto-proxying). Is this bean getting eagerly injected into a currently created BeanPostProcessor [jobRegistryBeanPostProcessor]? Check the corresponding BeanPostProcessor declaration and its dependencies.
[2024-01-10 15:59:22:2966] &amp#27;[32m[main]&amp#27;[0;39m &amp#27;[31mWARN &amp#27;[0;39m &amp#27;[1;37m[org.springframework.context.support.PostProcessorRegistrationDelegate$BeanPostProcessorChecker.postProcessAfterInitialization:&amp#27;[33m437&amp#27;[0;39m]&amp#27;[0;39m - Bean 'dataSource' of type [com.zaxxer.hikari.HikariDataSource] is not eligible for getting processed by all BeanPostProcessors (for example: not eligible for auto-proxying). Is this bean getting eagerly injected into a currently created BeanPostProcessor [jobRegistryBeanPostProcessor]? Check the corresponding BeanPostProcessor declaration and its dependencies.
[2024-01-10 15:59:22:2970] &amp#27;[32m[main]&amp#27;[0;39m &amp#27;[31mWARN &amp#27;[0;39m &amp#27;[1;37m[org.springframework.context.support.PostProcessorRegistrationDelegate$BeanPostProcessorChecker.postProcessAfterInitialization:&amp#27;[33m437&amp#27;[0;39m]&amp#27;[0;39m - Bean 'org.springframework.boot.autoconfigure.jdbc.DataSourceTransactionManagerAutoConfiguration$JdbcTransactionManagerConfiguration' of type [org.springframework.boot.autoconfigure.jdbc.DataSourceTransactionManagerAutoConfiguration$JdbcTransactionManagerConfiguration] is not eligible for getting processed by all BeanPostProcessors (for example: not eligible for auto-proxying). Is this bean getting eagerly injected into a currently created BeanPostProcessor [jobRegistryBeanPostProcessor]? Check the corresponding BeanPostProcessor declaration and its dependencies.
[2024-01-10 15:59:22:2979] &amp#27;[32m[main]&amp#27;[0;39m &amp#27;[31mWARN &amp#27;[0;39m &amp#27;[1;37m[org.springframework.context.support.PostProcessorRegistrationDelegate$BeanPostProcessorChecker.postProcessAfterInitialization:&amp#27;[33m437&amp#27;[0;39m]&amp#27;[0;39m - Bean 'org.springframework.boot.autoconfigure.transaction.TransactionManagerCustomizationAutoConfiguration' of type [org.springframework.boot.autoconfigure.transaction.TransactionManagerCustomizationAutoConfiguration] is not eligible for getting processed by all BeanPostProcessors (for example: not eligible for auto-proxying). Is this bean getting eagerly injected into a currently created BeanPostProcessor [jobRegistryBeanPostProcessor]? Check the corresponding BeanPostProcessor declaration and its dependencies.
[2024-01-10 15:59:22:2985] &amp#27;[32m[main]&amp#27;[0;39m &amp#27;[31mWARN &amp#27;[0;39m &amp#27;[1;37m[org.springframework.context.support.PostProcessorRegistrationDelegate$BeanPostProcessorChecker.postProcessAfterInitialization:&amp#27;[33m437&amp#27;[0;39m]&amp#27;[0;39m - Bean 'transactionExecutionListeners' of type [org.springframework.boot.autoconfigure.transaction.ExecutionListenersTransactionManagerCustomizer] is not eligible for getting processed by all BeanPostProcessors (for example: not eligible for auto-proxying). Is this bean getting eagerly injected into a currently created BeanPostProcessor [jobRegistryBeanPostProcessor]? Check the corresponding BeanPostProcessor declaration and its dependencies.
[2024-01-10 15:59:22:2990] &amp#27;[32m[main]&amp#27;[0;39m &amp#27;[31mWARN &amp#27;[0;39m &amp#27;[1;37m[org.springframework.context.support.PostProcessorRegistrationDelegate$BeanPostProcessorChecker.postProcessAfterInitialization:&amp#27;[33m437&amp#27;[0;39m]&amp#27;[0;39m - Bean 'spring.transaction-org.springframework.boot.autoconfigure.transaction.TransactionProperties' of type [org.springframework.boot.autoconfigure.transaction.TransactionProperties] is not eligible for getting processed by all BeanPostProcessors (for example: not eligible for auto-proxying). Is this bean getting eagerly injected into a currently created BeanPostProcessor [jobRegistryBeanPostProcessor]? Check the corresponding BeanPostProcessor declaration and its dependencies.
[2024-01-10 15:59:22:2991] &amp#27;[32m[main]&amp#27;[0;39m &amp#27;[31mWARN &amp#27;[0;39m &amp#27;[1;37m[org.springframework.context.support.PostProcessorRegistrationDelegate$BeanPostProcessorChecker.postProcessAfterInitialization:&amp#27;[33m437&amp#27;[0;39m]&amp#27;[0;39m - Bean 'platformTransactionManagerCustomizers' of type [org.springframework.boot.autoconfigure.transaction.TransactionManagerCustomizers] is not eligible for getting processed by all BeanPostProcessors (for example: not eligible for auto-proxying). Is this bean getting eagerly injected into a currently created BeanPostProcessor [jobRegistryBeanPostProcessor]? Check the corresponding BeanPostProcessor declaration and its dependencies.
[2024-01-10 15:59:22:3002] &amp#27;[32m[main]&amp#27;[0;39m &amp#27;[31mWARN &amp#27;[0;39m &amp#27;[1;37m[org.springframework.context.support.PostProcessorRegistrationDelegate$BeanPostProcessorChecker.postProcessAfterInitialization:&amp#27;[33m437&amp#27;[0;39m]&amp#27;[0;39m - Bean 'transactionManager' of type [org.springframework.jdbc.support.JdbcTransactionManager] is not eligible for getting processed by all BeanPostProcessors (for example: not eligible for auto-proxying). Is this bean getting eagerly injected into a currently created BeanPostProcessor [jobRegistryBeanPostProcessor]? Check the corresponding BeanPostProcessor declaration and its dependencies.
[2024-01-10 15:59:22:3005] &amp#27;[32m[main]&amp#27;[0;39m &amp#27;[31mWARN &amp#27;[0;39m &amp#27;[1;37m[org.springframework.context.support.PostProcessorRegistrationDelegate$BeanPostProcessorChecker.postProcessAfterInitialization:&amp#27;[33m437&amp#27;[0;39m]&amp#27;[0;39m - Bean 'spring.batch-org.springframework.boot.autoconfigure.batch.BatchProperties' of type [org.springframework.boot.autoconfigure.batch.BatchProperties] is not eligible for getting processed by all BeanPostProcessors (for example: not eligible for auto-proxying). Is this bean getting eagerly injected into a currently created BeanPostProcessor [jobRegistryBeanPostProcessor]? Check the corresponding BeanPostProcessor declaration and its dependencies.
[2024-01-10 15:59:22:3016] &amp#27;[32m[main]&amp#27;[0;39m &amp#27;[31mWARN &amp#27;[0;39m &amp#27;[1;37m[org.springframework.context.support.PostProcessorRegistrationDelegate$BeanPostProcessorChecker.postProcessAfterInitialization:&amp#27;[33m429&amp#27;[0;39m]&amp#27;[0;39m - Bean 'org.springframework.boot.autoconfigure.batch.BatchAutoConfiguration$SpringBootBatchConfiguration' of type [org.springframework.boot.autoconfigure.batch.BatchAutoConfiguration$SpringBootBatchConfiguration] is not eligible for getting processed by all BeanPostProcessors (for example: not eligible for auto-proxying). The currently created BeanPostProcessor [jobRegistryBeanPostProcessor] is declared through a non-static factory method on that class; consider declaring it as static instead.
[2024-01-10 15:59:23:3318] &amp#27;[32m[main]&amp#27;[0;39m &amp#27;[34mINFO &amp#27;[0;39m &amp#27;[1;37m[org.springframework.boot.autoconfigure.web.servlet.WelcomePageHandlerMapping.<init>:&amp#27;[33m59&amp#27;[0;39m]&amp#27;[0;39m - Adding welcome page: class path resource [static/index.html]
[2024-01-10 15:59:23:3719] &amp#27;[32m[main]&amp#27;[0;39m &amp#27;[34mINFO &amp#27;[0;39m &amp#27;[1;37m[com.zaxxer.hikari.HikariDataSource.getConnection:&amp#27;[33m110&amp#27;[0;39m]&amp#27;[0;39m - HikariPool-1 - Starting...
[2024-01-10 15:59:24:4216] &amp#27;[32m[main]&amp#27;[0;39m &amp#27;[34mINFO &amp#27;[0;39m &amp#27;[1;37m[com.zaxxer.hikari.pool.HikariPool.checkFailFast:&amp#27;[33m565&amp#27;[0;39m]&amp#27;[0;39m - HikariPool-1 - Added connection ConnectionID:1 ClientConnectionId: 406220e5-091d-41fd-87c4-e0368f013a2a
[2024-01-10 15:59:24:4218] &amp#27;[32m[main]&amp#27;[0;39m &amp#27;[34mINFO &amp#27;[0;39m &amp#27;[1;37m[com.zaxxer.hikari.HikariDataSource.getConnection:&amp#27;[33m123&amp#27;[0;39m]&amp#27;[0;39m - HikariPool-1 - Start completed.
[2024-01-10 15:59:24:4799] &amp#27;[32m[main]&amp#27;[0;39m &amp#27;[31mWARN &amp#27;[0;39m &amp#27;[1;37m[org.springframework.data.convert.CustomConversions.register:&amp#27;[33m302&amp#27;[0;39m]&amp#27;[0;39m - Registering converter from class microsoft.sql.DateTimeOffset to class java.time.OffsetDateTime as reading converter although it doesn't convert from a store-supported type; You might want to check your annotation setup at the converter implementation
[2024-01-10 15:59:24:5059] &amp#27;[32m[main]&amp#27;[0;39m &amp#27;[31mWARN &amp#27;[0;39m &amp#27;[1;37m[org.springframework.boot.autoconfigure.freemarker.FreeMarkerAutoConfiguration.checkTemplateLocationExists:&amp#27;[33m65&amp#27;[0;39m]&amp#27;[0;39m - Cannot find template location(s): [classpath:/templates/] (please add some templates, check your FreeMarker configuration, or set spring.freemarker.check-template-location=false)
[2024-01-10 15:59:25:5778] &amp#27;[32m[main]&amp#27;[0;39m &amp#27;[34mINFO &amp#27;[0;39m &amp#27;[1;37m[org.quartz.impl.StdSchedulerFactory.instantiate:&amp#27;[33m1220&amp#27;[0;39m]&amp#27;[0;39m - Using default implementation for ThreadExecutor
[2024-01-10 15:59:25:5798] &amp#27;[32m[main]&amp#27;[0;39m &amp#27;[34mINFO &amp#27;[0;39m &amp#27;[1;37m[org.quartz.core.SchedulerSignalerImpl.<init>:&amp#27;[33m61&amp#27;[0;39m]&amp#27;[0;39m - Initialized Scheduler Signaller of type: class org.quartz.core.SchedulerSignalerImpl
[2024-01-10 15:59:25:5799] &amp#27;[32m[main]&amp#27;[0;39m &amp#27;[34mINFO &amp#27;[0;39m &amp#27;[1;37m[org.quartz.core.QuartzScheduler.<init>:&amp#27;[33m229&amp#27;[0;39m]&amp#27;[0;39m - Quartz Scheduler v.2.3.2 created.
[2024-01-10 15:59:25:5801] &amp#27;[32m[main]&amp#27;[0;39m &amp#27;[34mINFO &amp#27;[0;39m &amp#27;[1;37m[org.quartz.simpl.RAMJobStore.initialize:&amp#27;[33m155&amp#27;[0;39m]&amp#27;[0;39m - RAMJobStore initialized.
[2024-01-10 15:59:25:5802] &amp#27;[32m[main]&amp#27;[0;39m &amp#27;[34mINFO &amp#27;[0;39m &amp#27;[1;37m[org.quartz.core.QuartzScheduler.initialize:&amp#27;[33m294&amp#27;[0;39m]&amp#27;[0;39m - Scheduler meta-data: Quartz Scheduler (v2.3.2) 'quartzScheduler' with instanceId 'NON_CLUSTERED'
  Scheduler class: 'org.quartz.core.QuartzScheduler' - running locally.
  NOT STARTED.
  Currently in standby mode.
  Number of jobs executed: 0
  Using thread pool 'org.quartz.simpl.SimpleThreadPool' - with 10 threads.
  Using job-store 'org.quartz.simpl.RAMJobStore' - which does not support persistence. and is not clustered.

[2024-01-10 15:59:25:5803] &amp#27;[32m[main]&amp#27;[0;39m &amp#27;[34mINFO &amp#27;[0;39m &amp#27;[1;37m[org.quartz.impl.StdSchedulerFactory.instantiate:&amp#27;[33m1374&amp#27;[0;39m]&amp#27;[0;39m - Quartz scheduler 'quartzScheduler' initialized from an externally provided properties instance.
[2024-01-10 15:59:25:5803] &amp#27;[32m[main]&amp#27;[0;39m &amp#27;[34mINFO &amp#27;[0;39m &amp#27;[1;37m[org.quartz.impl.StdSchedulerFactory.instantiate:&amp#27;[33m1378&amp#27;[0;39m]&amp#27;[0;39m - Quartz scheduler version: 2.3.2
[2024-01-10 15:59:25:5803] &amp#27;[32m[main]&amp#27;[0;39m &amp#27;[34mINFO &amp#27;[0;39m &amp#27;[1;37m[org.quartz.core.QuartzScheduler.setJobFactory:&amp#27;[33m2293&amp#27;[0;39m]&amp#27;[0;39m - JobFactory set to: org.springframework.scheduling.quartz.SpringBeanJobFactory@1a390b8c
[2024-01-10 15:59:25:5881] &amp#27;[32m[main]&amp#27;[0;39m &amp#27;[34mINFO &amp#27;[0;39m &amp#27;[1;37m[org.springframework.scheduling.quartz.SchedulerFactoryBean.startScheduler:&amp#27;[33m729&amp#27;[0;39m]&amp#27;[0;39m - Starting Quartz Scheduler now
[2024-01-10 15:59:25:5881] &amp#27;[32m[main]&amp#27;[0;39m &amp#27;[34mINFO &amp#27;[0;39m &amp#27;[1;37m[org.quartz.core.QuartzScheduler.start:&amp#27;[33m547&amp#27;[0;39m]&amp#27;[0;39m - Scheduler quartzScheduler_$_NON_CLUSTERED started.
[2024-01-10 15:59:25:5893] &amp#27;[32m[main]&amp#27;[0;39m &amp#27;[34mINFO &amp#27;[0;39m &amp#27;[1;37m[org.springframework.boot.StartupInfoLogger.logStarted:&amp#27;[33m56&amp#27;[0;39m]&amp#27;[0;39m - Started AppFoApplicationTests in 5.321 seconds (process running for 6.77)
[2024-01-10 15:59:25:5899] &amp#27;[32m[main]&amp#27;[0;39m &amp#27;[34mINFO &amp#27;[0;39m &amp#27;[1;37m[org.springframework.boot.autoconfigure.batch.JobLauncherApplicationRunner.run:&amp#27;[33m168&amp#27;[0;39m]&amp#27;[0;39m - Running default command line with: []
]]></system-out>
  </testcase>
</testsuite>